<?xml version="1.0" encoding="UTF-8"?>
<!-- Generated by org.testng.reporters.JUnitReportReporter -->
<testsuite skipped="0" hostname="HariRam" name="quickstart.Tests.TestCases" tests="7" failures="0" timestamp="2023-05-15T00:30:44 AEST" time="44.835" errors="0">
  <testcase name="FormSubmissionTest" time="5.855" classname="quickstart.Tests.TestCases"/>
  <system-out/>
  <testcase name="FormSubmissionTest" time="23.254" classname="quickstart.Tests.TestCases"/>
  <system-out/>
  <testcase name="FormSubmissionTest" time="3.483" classname="quickstart.Tests.TestCases"/>
  <system-out/>
  <testcase name="FormSubmissionTest" time="5.208" classname="quickstart.Tests.TestCases"/>
  <system-out/>
  <testcase name="contactFormErrorValidation" time="2.148" classname="quickstart.Tests.TestCases"/>
  <system-out/>
  <testcase name="testCase3" time="2.655" classname="quickstart.Tests.TestCases"/>
  <system-out/>
  <testcase name="FormSubmissionTest" time="2.232" classname="quickstart.Tests.TestCases"/>
  <system-out/>
</testsuite> <!-- quickstart.Tests.TestCases -->
